2019-11-22 13:31:43.3239||DEBUG|WebAPI.Program|init main 
2019-11-22 13:32:15.3297||INFO|WebAPI.Startup|Added TodoRepository to services 
2019-11-22 13:32:16.7335||INFO|Microsoft.AspNetCore.DataProtection.KeyManagement.XmlKeyManager|User profile is available. Using 'C:\Users\HansikaW\AppData\Local\ASP.NET\DataProtection-Keys' as key repository and Windows DPAPI to encrypt keys at rest. 
2019-11-22 13:32:18.2921|58|INFO|Microsoft.AspNetCore.DataProtection.KeyManagement.XmlKeyManager|Creating key {6757a67e-68f0-479d-8f1e-ee34cf9893bd} with creation date 2019-11-22 08:02:18Z, activation date 2019-11-24 06:58:55Z, and expiration date 2020-02-20 08:02:16Z. 
2019-11-22 13:32:18.6063|39|INFO|Microsoft.AspNetCore.DataProtection.Repositories.FileSystemXmlRepository|Writing data to file 'C:\Users\HansikaW\AppData\Local\ASP.NET\DataProtection-Keys\key-6757a67e-68f0-479d-8f1e-ee34cf9893bd.xml'. 
2019-11-22 13:32:18.7479||INFO|WebAPI.Startup|In Development environment 
2019-11-22 13:32:22.1846|1|INFO|Microsoft.AspNetCore.Hosting.Internal.WebHost|Request starting HTTP/1.1 GET http://localhost:44305/api/values   
2019-11-22 13:32:22.2238|1|INFO|Microsoft.AspNetCore.Hosting.Internal.WebHost|Request starting HTTP/1.1 DEBUG http://localhost:51417/  0 
2019-11-22 13:32:22.4702|2|INFO|Microsoft.AspNetCore.Hosting.Internal.WebHost|Request finished in 285.3734ms 200  
2019-11-22 13:32:24.3142|3|INFO|Microsoft.AspNetCore.Mvc.Internal.ControllerActionInvoker|Route matched with {action = "Get", controller = "Values", page = "", area = ""}. Executing controller action with signature Microsoft.AspNetCore.Mvc.ActionResult`1[System.Collections.Generic.IEnumerable`1[System.String]] Get() on controller WebAPI.Controllers.ValuesController (WebAPI). 
2019-11-22 13:32:28.4251|1|INFO|Microsoft.AspNetCore.Mvc.Internal.ControllerActionInvoker|Executing action method WebAPI.Controllers.ValuesController.Get (WebAPI) - Validation state: Valid 
2019-11-22 13:32:28.4424|2|INFO|Microsoft.AspNetCore.Mvc.Internal.ControllerActionInvoker|Executed action method WebAPI.Controllers.ValuesController.Get (WebAPI), returned result Microsoft.AspNetCore.Mvc.ObjectResult in 0.3345ms. 
2019-11-22 13:32:28.4424|1|INFO|Microsoft.AspNetCore.Mvc.Infrastructure.ObjectResultExecutor|Executing ObjectResult, writing value of type 'System.String[]'. 
2019-11-22 13:32:29.2888|2|INFO|Microsoft.AspNetCore.Mvc.Internal.ControllerActionInvoker|Executed action WebAPI.Controllers.ValuesController.Get (WebAPI) in 4970.5491ms 
2019-11-22 13:32:29.3066|2|INFO|Microsoft.AspNetCore.Hosting.Internal.WebHost|Request finished in 7123.7453ms 200 application/json; charset=utf-8 
2019-11-22 13:37:02.7288|1|INFO|Microsoft.AspNetCore.Hosting.Internal.WebHost|Request starting HTTP/1.1 OPTIONS http://localhost:44305/api/applicationUser/Login   
2019-11-22 13:37:02.7700|4|INFO|Microsoft.AspNetCore.Cors.Infrastructure.CorsService|Policy execution successful. 
2019-11-22 13:37:02.8067|2|INFO|Microsoft.AspNetCore.Hosting.Internal.WebHost|Request finished in 77.8249ms 204  
2019-11-22 13:37:02.8274|1|INFO|Microsoft.AspNetCore.Hosting.Internal.WebHost|Request starting HTTP/1.1 POST http://localhost:44305/api/applicationUser/Login application/json 38 
2019-11-22 13:37:02.8274|4|INFO|Microsoft.AspNetCore.Cors.Infrastructure.CorsService|Policy execution successful. 
2019-11-22 13:37:03.0834|3|INFO|Microsoft.AspNetCore.Mvc.Internal.ControllerActionInvoker|Route matched with {action = "Login", controller = "ApplicationUser", page = "", area = ""}. Executing controller action with signature System.Threading.Tasks.Task`1[Microsoft.AspNetCore.Mvc.IActionResult] Login(WebAPI.Models.LoginModel) on controller WebAPI.Controllers.ApplicationUserController (WebAPI). 
2019-11-22 13:37:03.8453|1|INFO|Microsoft.AspNetCore.Mvc.Internal.ControllerActionInvoker|Executing action method WebAPI.Controllers.ApplicationUserController.Login (WebAPI) - Validation state: Valid 
2019-11-22 13:37:04.5908|1|INFO|Microsoft.AspNetCore.Hosting.Internal.WebHost|Request starting HTTP/1.1 POST http://localhost:44305/api/applicationUser/Login application/json 38 
2019-11-22 13:37:04.5908|4|INFO|Microsoft.AspNetCore.Cors.Infrastructure.CorsService|Policy execution successful. 
2019-11-22 13:37:04.6203|3|INFO|Microsoft.AspNetCore.Mvc.Internal.ControllerActionInvoker|Route matched with {action = "Login", controller = "ApplicationUser", page = "", area = ""}. Executing controller action with signature System.Threading.Tasks.Task`1[Microsoft.AspNetCore.Mvc.IActionResult] Login(WebAPI.Models.LoginModel) on controller WebAPI.Controllers.ApplicationUserController (WebAPI). 
2019-11-22 13:37:04.6644|1|INFO|Microsoft.AspNetCore.Mvc.Internal.ControllerActionInvoker|Executing action method WebAPI.Controllers.ApplicationUserController.Login (WebAPI) - Validation state: Valid 
2019-11-22 13:37:06.2999|10403|INFO|Microsoft.EntityFrameworkCore.Infrastructure|Entity Framework Core 2.1.11-servicing-32099 initialized 'AuthenticationContext' using provider 'Microsoft.EntityFrameworkCore.SqlServer' with options: None 
2019-11-22 13:37:06.2999|10403|INFO|Microsoft.EntityFrameworkCore.Infrastructure|Entity Framework Core 2.1.11-servicing-32099 initialized 'AuthenticationContext' using provider 'Microsoft.EntityFrameworkCore.SqlServer' with options: None 
2019-11-22 13:37:07.2544|1|INFO|Microsoft.AspNetCore.Hosting.Internal.WebHost|Request starting HTTP/1.1 POST http://localhost:44305/api/applicationUser/Login application/json 38 
2019-11-22 13:37:07.2544|4|INFO|Microsoft.AspNetCore.Cors.Infrastructure.CorsService|Policy execution successful. 
2019-11-22 13:37:07.2544|3|INFO|Microsoft.AspNetCore.Mvc.Internal.ControllerActionInvoker|Route matched with {action = "Login", controller = "ApplicationUser", page = "", area = ""}. Executing controller action with signature System.Threading.Tasks.Task`1[Microsoft.AspNetCore.Mvc.IActionResult] Login(WebAPI.Models.LoginModel) on controller WebAPI.Controllers.ApplicationUserController (WebAPI). 
2019-11-22 13:37:07.3139|1|INFO|Microsoft.AspNetCore.Mvc.Internal.ControllerActionInvoker|Executing action method WebAPI.Controllers.ApplicationUserController.Login (WebAPI) - Validation state: Valid 
2019-11-22 13:37:07.3139|10403|INFO|Microsoft.EntityFrameworkCore.Infrastructure|Entity Framework Core 2.1.11-servicing-32099 initialized 'AuthenticationContext' using provider 'Microsoft.EntityFrameworkCore.SqlServer' with options: None 
2019-11-22 13:37:11.9031|20101|INFO|Microsoft.EntityFrameworkCore.Database.Command|Executed DbCommand (1,993ms) [Parameters=[@__normalizedUserName_0='?' (Size = 256)], CommandType='Text', CommandTimeout='30']
SELECT TOP(1) [u].[Id], [u].[AccessFailedCount], [u].[ConcurrencyStamp], [u].[Discriminator], [u].[Email], [u].[EmailConfirmed], [u].[LockoutEnabled], [u].[LockoutEnd], [u].[NormalizedEmail], [u].[NormalizedUserName], [u].[PasswordHash], [u].[PhoneNumber], [u].[PhoneNumberConfirmed], [u].[SecurityStamp], [u].[TwoFactorEnabled], [u].[UserName], [u].[FullName]
FROM [AspNetUsers] AS [u]
WHERE ([u].[Discriminator] = N'ApplicationUser') AND ([u].[NormalizedUserName] = @__normalizedUserName_0) 
2019-11-22 13:37:11.9031|20101|INFO|Microsoft.EntityFrameworkCore.Database.Command|Executed DbCommand (1,993ms) [Parameters=[@__normalizedUserName_0='?' (Size = 256)], CommandType='Text', CommandTimeout='30']
SELECT TOP(1) [u].[Id], [u].[AccessFailedCount], [u].[ConcurrencyStamp], [u].[Discriminator], [u].[Email], [u].[EmailConfirmed], [u].[LockoutEnabled], [u].[LockoutEnd], [u].[NormalizedEmail], [u].[NormalizedUserName], [u].[PasswordHash], [u].[PhoneNumber], [u].[PhoneNumberConfirmed], [u].[SecurityStamp], [u].[TwoFactorEnabled], [u].[UserName], [u].[FullName]
FROM [AspNetUsers] AS [u]
WHERE ([u].[Discriminator] = N'ApplicationUser') AND ([u].[NormalizedUserName] = @__normalizedUserName_0) 
2019-11-22 13:37:11.9031|20101|INFO|Microsoft.EntityFrameworkCore.Database.Command|Executed DbCommand (1,993ms) [Parameters=[@__normalizedUserName_0='?' (Size = 256)], CommandType='Text', CommandTimeout='30']
SELECT TOP(1) [u].[Id], [u].[AccessFailedCount], [u].[ConcurrencyStamp], [u].[Discriminator], [u].[Email], [u].[EmailConfirmed], [u].[LockoutEnabled], [u].[LockoutEnd], [u].[NormalizedEmail], [u].[NormalizedUserName], [u].[PasswordHash], [u].[PhoneNumber], [u].[PhoneNumberConfirmed], [u].[SecurityStamp], [u].[TwoFactorEnabled], [u].[UserName], [u].[FullName]
FROM [AspNetUsers] AS [u]
WHERE ([u].[Discriminator] = N'ApplicationUser') AND ([u].[NormalizedUserName] = @__normalizedUserName_0) 
2019-11-22 13:37:12.9298|2|INFO|Microsoft.AspNetCore.Mvc.Internal.ControllerActionInvoker|Executed action method WebAPI.Controllers.ApplicationUserController.Login (WebAPI), returned result Microsoft.AspNetCore.Mvc.OkObjectResult in 5615.1446ms. 
2019-11-22 13:37:12.9298|2|INFO|Microsoft.AspNetCore.Mvc.Internal.ControllerActionInvoker|Executed action method WebAPI.Controllers.ApplicationUserController.Login (WebAPI), returned result Microsoft.AspNetCore.Mvc.OkObjectResult in 9083.8504ms. 
2019-11-22 13:37:12.9298|2|INFO|Microsoft.AspNetCore.Mvc.Internal.ControllerActionInvoker|Executed action method WebAPI.Controllers.ApplicationUserController.Login (WebAPI), returned result Microsoft.AspNetCore.Mvc.OkObjectResult in 8264.5153ms. 
2019-11-22 13:37:12.9384|1|INFO|Microsoft.AspNetCore.Mvc.Infrastructure.ObjectResultExecutor|Executing ObjectResult, writing value of type '<>f__AnonymousType0`1[[System.String, System.Private.CoreLib, Version=4.0.0.0, Culture=neutral, PublicKeyToken=7cec85d7bea7798e]]'. 
2019-11-22 13:37:12.9384|1|INFO|Microsoft.AspNetCore.Mvc.Infrastructure.ObjectResultExecutor|Executing ObjectResult, writing value of type '<>f__AnonymousType0`1[[System.String, System.Private.CoreLib, Version=4.0.0.0, Culture=neutral, PublicKeyToken=7cec85d7bea7798e]]'. 
2019-11-22 13:37:12.9384|1|INFO|Microsoft.AspNetCore.Mvc.Infrastructure.ObjectResultExecutor|Executing ObjectResult, writing value of type '<>f__AnonymousType0`1[[System.String, System.Private.CoreLib, Version=4.0.0.0, Culture=neutral, PublicKeyToken=7cec85d7bea7798e]]'. 
2019-11-22 13:37:12.9553|2|INFO|Microsoft.AspNetCore.Mvc.Internal.ControllerActionInvoker|Executed action WebAPI.Controllers.ApplicationUserController.Login (WebAPI) in 5699.4818ms 
2019-11-22 13:37:12.9553|2|INFO|Microsoft.AspNetCore.Mvc.Internal.ControllerActionInvoker|Executed action WebAPI.Controllers.ApplicationUserController.Login (WebAPI) in 8334.4226ms 
2019-11-22 13:37:12.9553|2|INFO|Microsoft.AspNetCore.Mvc.Internal.ControllerActionInvoker|Executed action WebAPI.Controllers.ApplicationUserController.Login (WebAPI) in 9870.7602ms 
2019-11-22 13:37:12.9553|2|INFO|Microsoft.AspNetCore.Hosting.Internal.WebHost|Request finished in 8370.1585ms 200 application/json; charset=utf-8 
2019-11-22 13:37:12.9553|2|INFO|Microsoft.AspNetCore.Hosting.Internal.WebHost|Request finished in 5706.756ms 200 application/json; charset=utf-8 
2019-11-22 13:37:12.9553|2|INFO|Microsoft.AspNetCore.Hosting.Internal.WebHost|Request finished in 10133.7077ms 200 application/json; charset=utf-8 
2019-11-22 13:37:13.0168|1|INFO|Microsoft.AspNetCore.Hosting.Internal.WebHost|Request starting HTTP/1.1 OPTIONS http://localhost:44305/api/UserProfile   
2019-11-22 13:37:13.0168|4|INFO|Microsoft.AspNetCore.Cors.Infrastructure.CorsService|Policy execution successful. 
2019-11-22 13:37:13.0168|1|INFO|Microsoft.AspNetCore.Hosting.Internal.WebHost|Request starting HTTP/1.1 GET http://localhost:44305/api/EmployeeDetail   
2019-11-22 13:37:13.0168|2|INFO|Microsoft.AspNetCore.Hosting.Internal.WebHost|Request finished in 1.257ms 204  
2019-11-22 13:37:13.0168|4|INFO|Microsoft.AspNetCore.Cors.Infrastructure.CorsService|Policy execution successful. 
2019-11-22 13:37:13.0168|3|INFO|Microsoft.AspNetCore.Mvc.Internal.ControllerActionInvoker|Route matched with {action = "GetEmployeeDetails", controller = "EmployeeDetail", page = "", area = ""}. Executing controller action with signature System.Threading.Tasks.Task`1[Microsoft.AspNetCore.Mvc.ActionResult] GetEmployeeDetails() on controller WebAPI.Controllers.EmployeeDetailController (WebAPI). 
2019-11-22 13:37:13.0413|1|INFO|Microsoft.AspNetCore.Mvc.Internal.ControllerActionInvoker|Executing action method WebAPI.Controllers.EmployeeDetailController.GetEmployeeDetails (WebAPI) - Validation state: Valid 
2019-11-22 13:37:13.0994|10403|INFO|Microsoft.EntityFrameworkCore.Infrastructure|Entity Framework Core 2.1.11-servicing-32099 initialized 'AuthenticationContext' using provider 'Microsoft.EntityFrameworkCore.SqlServer' with options: None 
2019-11-22 13:37:13.2676|20101|INFO|Microsoft.EntityFrameworkCore.Database.Command|Executed DbCommand (150ms) [Parameters=[], CommandType='Text', CommandTimeout='30']
SELECT [e].[EId], [e].[BDay], [e].[EmployeeName], [e].[Nic], [e].[PhoneNo]
FROM [EmployeeDetails] AS [e] 
2019-11-22 13:37:13.3703||INFO|WebAPI.Controllers.EmployeeDetailController|Message displayed: WebAPI.Models.EmployeeDetail, WebAPI.Models.EmployeeDetail, WebAPI.Models.EmployeeDetail, WebAPI.Models.EmployeeDetail, WebAPI.Models.EmployeeDetail 
2019-11-22 13:37:13.3743|2|INFO|Microsoft.AspNetCore.Mvc.Internal.ControllerActionInvoker|Executed action method WebAPI.Controllers.EmployeeDetailController.GetEmployeeDetails (WebAPI), returned result Microsoft.AspNetCore.Mvc.OkObjectResult in 332.3742ms. 
2019-11-22 13:37:13.3743|1|INFO|Microsoft.AspNetCore.Mvc.Infrastructure.ObjectResultExecutor|Executing ObjectResult, writing value of type 'System.Collections.Generic.List`1[[WebAPI.Models.EmployeeDetail, WebAPI, Version=1.0.0.0, Culture=neutral, PublicKeyToken=null]]'. 
2019-11-22 13:37:13.3743|2|INFO|Microsoft.AspNetCore.Mvc.Internal.ControllerActionInvoker|Executed action WebAPI.Controllers.EmployeeDetailController.GetEmployeeDetails (WebAPI) in 353.6771ms 
2019-11-22 13:37:13.3743|2|INFO|Microsoft.AspNetCore.Hosting.Internal.WebHost|Request finished in 361.4222ms 200 application/json; charset=utf-8 
2019-11-22 13:37:13.6770|1|INFO|Microsoft.AspNetCore.Hosting.Internal.WebHost|Request starting HTTP/1.1 GET http://localhost:44305/api/UserProfile   
2019-11-22 13:37:13.6770|4|INFO|Microsoft.AspNetCore.Cors.Infrastructure.CorsService|Policy execution successful. 
2019-11-22 13:37:13.6876|3|INFO|Microsoft.AspNetCore.Mvc.Internal.ControllerActionInvoker|Route matched with {action = "GetUserProfile", controller = "UserProfile", page = "", area = ""}. Executing controller action with signature System.Threading.Tasks.Task`1[System.Object] GetUserProfile() on controller WebAPI.Controllers.UserProfileController (WebAPI). 
2019-11-22 13:37:13.7571|2|INFO|Microsoft.AspNetCore.Authorization.DefaultAuthorizationService|Authorization failed. 
2019-11-22 13:37:13.7571|3|INFO|Microsoft.AspNetCore.Mvc.Internal.ControllerActionInvoker|Authorization failed for the request at filter 'Microsoft.AspNetCore.Mvc.Authorization.AuthorizeFilter'. 
2019-11-22 13:37:13.7817|1|INFO|Microsoft.AspNetCore.Mvc.ChallengeResult|Executing ChallengeResult with authentication schemes (). 
2019-11-22 13:37:14.2227|2|INFO|Microsoft.AspNetCore.Authentication.JwtBearer.JwtBearerHandler|Successfully validated the token. 
2019-11-22 13:37:14.2227|12|INFO|Microsoft.AspNetCore.Authentication.JwtBearer.JwtBearerHandler|AuthenticationScheme: Bearer was challenged. 
2019-11-22 13:37:14.2227|2|INFO|Microsoft.AspNetCore.Mvc.Internal.ControllerActionInvoker|Executed action WebAPI.Controllers.UserProfileController.GetUserProfile (WebAPI) in 537.1672ms 
2019-11-22 13:37:14.2227|2|INFO|Microsoft.AspNetCore.Hosting.Internal.WebHost|Request finished in 548.8367ms 401  
2019-11-22 13:39:15.7502|1|INFO|Microsoft.AspNetCore.Hosting.Internal.WebHost|Request starting HTTP/1.1 OPTIONS http://localhost:44305/api/applicationUser/Login   
2019-11-22 13:39:15.7502|4|INFO|Microsoft.AspNetCore.Cors.Infrastructure.CorsService|Policy execution successful. 
2019-11-22 13:39:15.7502|2|INFO|Microsoft.AspNetCore.Hosting.Internal.WebHost|Request finished in 7.9788ms 204  
2019-11-22 13:39:15.7682|1|INFO|Microsoft.AspNetCore.Hosting.Internal.WebHost|Request starting HTTP/1.1 POST http://localhost:44305/api/applicationUser/Login application/json 38 
2019-11-22 13:39:15.7682|4|INFO|Microsoft.AspNetCore.Cors.Infrastructure.CorsService|Policy execution successful. 
2019-11-22 13:39:15.7682|3|INFO|Microsoft.AspNetCore.Mvc.Internal.ControllerActionInvoker|Route matched with {action = "Login", controller = "ApplicationUser", page = "", area = ""}. Executing controller action with signature System.Threading.Tasks.Task`1[Microsoft.AspNetCore.Mvc.IActionResult] Login(WebAPI.Models.LoginModel) on controller WebAPI.Controllers.ApplicationUserController (WebAPI). 
2019-11-22 13:39:15.7857|1|INFO|Microsoft.AspNetCore.Mvc.Internal.ControllerActionInvoker|Executing action method WebAPI.Controllers.ApplicationUserController.Login (WebAPI) - Validation state: Valid 
2019-11-22 13:39:15.7857|10403|INFO|Microsoft.EntityFrameworkCore.Infrastructure|Entity Framework Core 2.1.11-servicing-32099 initialized 'AuthenticationContext' using provider 'Microsoft.EntityFrameworkCore.SqlServer' with options: None 
2019-11-22 13:39:15.8823|20101|INFO|Microsoft.EntityFrameworkCore.Database.Command|Executed DbCommand (94ms) [Parameters=[@__normalizedUserName_0='?' (Size = 256)], CommandType='Text', CommandTimeout='30']
SELECT TOP(1) [u].[Id], [u].[AccessFailedCount], [u].[ConcurrencyStamp], [u].[Discriminator], [u].[Email], [u].[EmailConfirmed], [u].[LockoutEnabled], [u].[LockoutEnd], [u].[NormalizedEmail], [u].[NormalizedUserName], [u].[PasswordHash], [u].[PhoneNumber], [u].[PhoneNumberConfirmed], [u].[SecurityStamp], [u].[TwoFactorEnabled], [u].[UserName], [u].[FullName]
FROM [AspNetUsers] AS [u]
WHERE ([u].[Discriminator] = N'ApplicationUser') AND ([u].[NormalizedUserName] = @__normalizedUserName_0) 
2019-11-22 13:39:15.8946|2|INFO|Microsoft.AspNetCore.Mvc.Internal.ControllerActionInvoker|Executed action method WebAPI.Controllers.ApplicationUserController.Login (WebAPI), returned result Microsoft.AspNetCore.Mvc.OkObjectResult in 108.2648ms. 
2019-11-22 13:39:15.8946|1|INFO|Microsoft.AspNetCore.Mvc.Infrastructure.ObjectResultExecutor|Executing ObjectResult, writing value of type '<>f__AnonymousType0`1[[System.String, System.Private.CoreLib, Version=4.0.0.0, Culture=neutral, PublicKeyToken=7cec85d7bea7798e]]'. 
2019-11-22 13:39:15.8946|2|INFO|Microsoft.AspNetCore.Mvc.Internal.ControllerActionInvoker|Executed action WebAPI.Controllers.ApplicationUserController.Login (WebAPI) in 126.4377ms 
2019-11-22 13:39:15.8946|2|INFO|Microsoft.AspNetCore.Hosting.Internal.WebHost|Request finished in 128.307ms 200 application/json; charset=utf-8 
2019-11-22 13:39:15.9296|1|INFO|Microsoft.AspNetCore.Hosting.Internal.WebHost|Request starting HTTP/1.1 OPTIONS http://localhost:44305/api/UserProfile   
2019-11-22 13:39:15.9296|4|INFO|Microsoft.AspNetCore.Cors.Infrastructure.CorsService|Policy execution successful. 
2019-11-22 13:39:15.9296|2|INFO|Microsoft.AspNetCore.Hosting.Internal.WebHost|Request finished in 1.1853ms 204  
2019-11-22 13:39:15.9296|1|INFO|Microsoft.AspNetCore.Hosting.Internal.WebHost|Request starting HTTP/1.1 GET http://localhost:44305/api/EmployeeDetail   
2019-11-22 13:39:15.9296|4|INFO|Microsoft.AspNetCore.Cors.Infrastructure.CorsService|Policy execution successful. 
2019-11-22 13:39:15.9296|3|INFO|Microsoft.AspNetCore.Mvc.Internal.ControllerActionInvoker|Route matched with {action = "GetEmployeeDetails", controller = "EmployeeDetail", page = "", area = ""}. Executing controller action with signature System.Threading.Tasks.Task`1[Microsoft.AspNetCore.Mvc.ActionResult] GetEmployeeDetails() on controller WebAPI.Controllers.EmployeeDetailController (WebAPI). 
2019-11-22 13:39:15.9492|1|INFO|Microsoft.AspNetCore.Mvc.Internal.ControllerActionInvoker|Executing action method WebAPI.Controllers.EmployeeDetailController.GetEmployeeDetails (WebAPI) - Validation state: Valid 
2019-11-22 13:39:15.9492|10403|INFO|Microsoft.EntityFrameworkCore.Infrastructure|Entity Framework Core 2.1.11-servicing-32099 initialized 'AuthenticationContext' using provider 'Microsoft.EntityFrameworkCore.SqlServer' with options: None 
2019-11-22 13:39:15.9784|1|INFO|Microsoft.AspNetCore.Hosting.Internal.WebHost|Request starting HTTP/1.1 GET http://localhost:44305/api/UserProfile   
2019-11-22 13:39:15.9784|20101|INFO|Microsoft.EntityFrameworkCore.Database.Command|Executed DbCommand (28ms) [Parameters=[], CommandType='Text', CommandTimeout='30']
SELECT [e].[EId], [e].[BDay], [e].[EmployeeName], [e].[Nic], [e].[PhoneNo]
FROM [EmployeeDetails] AS [e] 
2019-11-22 13:39:15.9784|4|INFO|Microsoft.AspNetCore.Cors.Infrastructure.CorsService|Policy execution successful. 
2019-11-22 13:39:15.9784|3|INFO|Microsoft.AspNetCore.Mvc.Internal.ControllerActionInvoker|Route matched with {action = "GetUserProfile", controller = "UserProfile", page = "", area = ""}. Executing controller action with signature System.Threading.Tasks.Task`1[System.Object] GetUserProfile() on controller WebAPI.Controllers.UserProfileController (WebAPI). 
2019-11-22 13:39:15.9784|2|INFO|Microsoft.AspNetCore.Authorization.DefaultAuthorizationService|Authorization failed. 
2019-11-22 13:39:15.9784|3|INFO|Microsoft.AspNetCore.Mvc.Internal.ControllerActionInvoker|Authorization failed for the request at filter 'Microsoft.AspNetCore.Mvc.Authorization.AuthorizeFilter'. 
2019-11-22 13:39:15.9784||INFO|WebAPI.Controllers.EmployeeDetailController|Message displayed: WebAPI.Models.EmployeeDetail, WebAPI.Models.EmployeeDetail, WebAPI.Models.EmployeeDetail, WebAPI.Models.EmployeeDetail, WebAPI.Models.EmployeeDetail 
2019-11-22 13:39:15.9784|1|INFO|Microsoft.AspNetCore.Mvc.ChallengeResult|Executing ChallengeResult with authentication schemes (). 
2019-11-22 13:39:15.9836|2|INFO|Microsoft.AspNetCore.Mvc.Internal.ControllerActionInvoker|Executed action method WebAPI.Controllers.EmployeeDetailController.GetEmployeeDetails (WebAPI), returned result Microsoft.AspNetCore.Mvc.OkObjectResult in 33.8097ms. 
2019-11-22 13:39:15.9836|2|INFO|Microsoft.AspNetCore.Authentication.JwtBearer.JwtBearerHandler|Successfully validated the token. 
2019-11-22 13:39:15.9836|1|INFO|Microsoft.AspNetCore.Mvc.Infrastructure.ObjectResultExecutor|Executing ObjectResult, writing value of type 'System.Collections.Generic.List`1[[WebAPI.Models.EmployeeDetail, WebAPI, Version=1.0.0.0, Culture=neutral, PublicKeyToken=null]]'. 
2019-11-22 13:39:15.9836|12|INFO|Microsoft.AspNetCore.Authentication.JwtBearer.JwtBearerHandler|AuthenticationScheme: Bearer was challenged. 
2019-11-22 13:39:15.9836|2|INFO|Microsoft.AspNetCore.Mvc.Internal.ControllerActionInvoker|Executed action WebAPI.Controllers.UserProfileController.GetUserProfile (WebAPI) in 3.7886ms 
2019-11-22 13:39:15.9836|2|INFO|Microsoft.AspNetCore.Mvc.Internal.ControllerActionInvoker|Executed action WebAPI.Controllers.EmployeeDetailController.GetEmployeeDetails (WebAPI) in 51.4253ms 
2019-11-22 13:39:15.9836|2|INFO|Microsoft.AspNetCore.Hosting.Internal.WebHost|Request finished in 6.974ms 401  
2019-11-22 13:39:15.9836|2|INFO|Microsoft.AspNetCore.Hosting.Internal.WebHost|Request finished in 53.5279ms 200 application/json; charset=utf-8 
2019-11-22 13:40:20.4753|1|INFO|Microsoft.AspNetCore.Hosting.Internal.WebHost|Request starting HTTP/1.1 GET http://localhost:44305/api/EmployeeDetail   
2019-11-22 13:40:20.4971|4|INFO|Microsoft.AspNetCore.Cors.Infrastructure.CorsService|Policy execution successful. 
2019-11-22 13:40:20.5181|3|INFO|Microsoft.AspNetCore.Mvc.Internal.ControllerActionInvoker|Route matched with {action = "GetEmployeeDetails", controller = "EmployeeDetail", page = "", area = ""}. Executing controller action with signature System.Threading.Tasks.Task`1[Microsoft.AspNetCore.Mvc.ActionResult] GetEmployeeDetails() on controller WebAPI.Controllers.EmployeeDetailController (WebAPI). 
2019-11-22 13:40:20.5616|1|INFO|Microsoft.AspNetCore.Mvc.Internal.ControllerActionInvoker|Executing action method WebAPI.Controllers.EmployeeDetailController.GetEmployeeDetails (WebAPI) - Validation state: Valid 
2019-11-22 13:40:20.5619|1|INFO|Microsoft.AspNetCore.Hosting.Internal.WebHost|Request starting HTTP/1.1 OPTIONS http://localhost:44305/api/UserProfile   
2019-11-22 13:40:20.5619|4|INFO|Microsoft.AspNetCore.Cors.Infrastructure.CorsService|Policy execution successful. 
2019-11-22 13:40:20.5619|10403|INFO|Microsoft.EntityFrameworkCore.Infrastructure|Entity Framework Core 2.1.11-servicing-32099 initialized 'AuthenticationContext' using provider 'Microsoft.EntityFrameworkCore.SqlServer' with options: None 
2019-11-22 13:40:20.5619|2|INFO|Microsoft.AspNetCore.Hosting.Internal.WebHost|Request finished in 1.2454ms 204  
2019-11-22 13:40:20.5953|20101|INFO|Microsoft.EntityFrameworkCore.Database.Command|Executed DbCommand (31ms) [Parameters=[], CommandType='Text', CommandTimeout='30']
SELECT [e].[EId], [e].[BDay], [e].[EmployeeName], [e].[Nic], [e].[PhoneNo]
FROM [EmployeeDetails] AS [e] 
2019-11-22 13:40:20.5953||INFO|WebAPI.Controllers.EmployeeDetailController|Message displayed: WebAPI.Models.EmployeeDetail, WebAPI.Models.EmployeeDetail, WebAPI.Models.EmployeeDetail, WebAPI.Models.EmployeeDetail, WebAPI.Models.EmployeeDetail 
2019-11-22 13:40:20.5953|2|INFO|Microsoft.AspNetCore.Mvc.Internal.ControllerActionInvoker|Executed action method WebAPI.Controllers.EmployeeDetailController.GetEmployeeDetails (WebAPI), returned result Microsoft.AspNetCore.Mvc.OkObjectResult in 34.8448ms. 
2019-11-22 13:40:20.5953|1|INFO|Microsoft.AspNetCore.Mvc.Infrastructure.ObjectResultExecutor|Executing ObjectResult, writing value of type 'System.Collections.Generic.List`1[[WebAPI.Models.EmployeeDetail, WebAPI, Version=1.0.0.0, Culture=neutral, PublicKeyToken=null]]'. 
2019-11-22 13:40:20.5953|2|INFO|Microsoft.AspNetCore.Mvc.Internal.ControllerActionInvoker|Executed action WebAPI.Controllers.EmployeeDetailController.GetEmployeeDetails (WebAPI) in 79.6353ms 
2019-11-22 13:40:20.5953|2|INFO|Microsoft.AspNetCore.Hosting.Internal.WebHost|Request finished in 124.6072ms 200 application/json; charset=utf-8 
2019-11-22 13:40:20.5953|1|INFO|Microsoft.AspNetCore.Hosting.Internal.WebHost|Request starting HTTP/1.1 GET http://localhost:44305/api/UserProfile   
2019-11-22 13:40:20.5953|4|INFO|Microsoft.AspNetCore.Cors.Infrastructure.CorsService|Policy execution successful. 
2019-11-22 13:40:20.5953|3|INFO|Microsoft.AspNetCore.Mvc.Internal.ControllerActionInvoker|Route matched with {action = "GetUserProfile", controller = "UserProfile", page = "", area = ""}. Executing controller action with signature System.Threading.Tasks.Task`1[System.Object] GetUserProfile() on controller WebAPI.Controllers.UserProfileController (WebAPI). 
2019-11-22 13:40:20.5953|2|INFO|Microsoft.AspNetCore.Authorization.DefaultAuthorizationService|Authorization failed. 
2019-11-22 13:40:20.5953|3|INFO|Microsoft.AspNetCore.Mvc.Internal.ControllerActionInvoker|Authorization failed for the request at filter 'Microsoft.AspNetCore.Mvc.Authorization.AuthorizeFilter'. 
2019-11-22 13:40:20.5953|1|INFO|Microsoft.AspNetCore.Mvc.ChallengeResult|Executing ChallengeResult with authentication schemes (). 
2019-11-22 13:40:20.5953|2|INFO|Microsoft.AspNetCore.Authentication.JwtBearer.JwtBearerHandler|Successfully validated the token. 
2019-11-22 13:40:20.5953|12|INFO|Microsoft.AspNetCore.Authentication.JwtBearer.JwtBearerHandler|AuthenticationScheme: Bearer was challenged. 
2019-11-22 13:40:20.5953|2|INFO|Microsoft.AspNetCore.Mvc.Internal.ControllerActionInvoker|Executed action WebAPI.Controllers.UserProfileController.GetUserProfile (WebAPI) in 1.6732ms 
2019-11-22 13:40:20.5953|2|INFO|Microsoft.AspNetCore.Hosting.Internal.WebHost|Request finished in 3.2557ms 401  
2019-11-22 13:40:33.9777|1|INFO|Microsoft.AspNetCore.Hosting.Internal.WebHost|Request starting HTTP/1.1 OPTIONS http://localhost:44305/api/UserProfile   
2019-11-22 13:40:33.9777|4|INFO|Microsoft.AspNetCore.Cors.Infrastructure.CorsService|Policy execution successful. 
2019-11-22 13:40:33.9777|2|INFO|Microsoft.AspNetCore.Hosting.Internal.WebHost|Request finished in 1.1249ms 204  
2019-11-22 13:40:36.4384|1|INFO|Microsoft.AspNetCore.Hosting.Internal.WebHost|Request starting HTTP/1.1 GET http://localhost:44305/api/UserProfile   
2019-11-22 13:40:36.4384|4|INFO|Microsoft.AspNetCore.Cors.Infrastructure.CorsService|Policy execution successful. 
2019-11-22 13:40:36.4384|3|INFO|Microsoft.AspNetCore.Mvc.Internal.ControllerActionInvoker|Route matched with {action = "GetUserProfile", controller = "UserProfile", page = "", area = ""}. Executing controller action with signature System.Threading.Tasks.Task`1[System.Object] GetUserProfile() on controller WebAPI.Controllers.UserProfileController (WebAPI). 
2019-11-22 13:40:36.4384|2|INFO|Microsoft.AspNetCore.Authorization.DefaultAuthorizationService|Authorization failed. 
2019-11-22 13:40:36.4384|3|INFO|Microsoft.AspNetCore.Mvc.Internal.ControllerActionInvoker|Authorization failed for the request at filter 'Microsoft.AspNetCore.Mvc.Authorization.AuthorizeFilter'. 
2019-11-22 13:40:36.4384|1|INFO|Microsoft.AspNetCore.Mvc.ChallengeResult|Executing ChallengeResult with authentication schemes (). 
2019-11-22 13:40:36.4384|2|INFO|Microsoft.AspNetCore.Authentication.JwtBearer.JwtBearerHandler|Successfully validated the token. 
2019-11-22 13:40:36.4384|12|INFO|Microsoft.AspNetCore.Authentication.JwtBearer.JwtBearerHandler|AuthenticationScheme: Bearer was challenged. 
2019-11-22 13:40:36.4384|2|INFO|Microsoft.AspNetCore.Mvc.Internal.ControllerActionInvoker|Executed action WebAPI.Controllers.UserProfileController.GetUserProfile (WebAPI) in 1.9891ms 
2019-11-22 13:40:36.4384|2|INFO|Microsoft.AspNetCore.Hosting.Internal.WebHost|Request finished in 4.5496ms 401  
2019-11-22 13:40:36.4384|1|INFO|Microsoft.AspNetCore.Hosting.Internal.WebHost|Request starting HTTP/1.1 GET http://localhost:44305/api/EmployeeDetail   
2019-11-22 13:40:36.4384|4|INFO|Microsoft.AspNetCore.Cors.Infrastructure.CorsService|Policy execution successful. 
2019-11-22 13:40:36.4384|3|INFO|Microsoft.AspNetCore.Mvc.Internal.ControllerActionInvoker|Route matched with {action = "GetEmployeeDetails", controller = "EmployeeDetail", page = "", area = ""}. Executing controller action with signature System.Threading.Tasks.Task`1[Microsoft.AspNetCore.Mvc.ActionResult] GetEmployeeDetails() on controller WebAPI.Controllers.EmployeeDetailController (WebAPI). 
2019-11-22 13:40:36.4811|1|INFO|Microsoft.AspNetCore.Mvc.Internal.ControllerActionInvoker|Executing action method WebAPI.Controllers.EmployeeDetailController.GetEmployeeDetails (WebAPI) - Validation state: Valid 
2019-11-22 13:40:36.4811|10403|INFO|Microsoft.EntityFrameworkCore.Infrastructure|Entity Framework Core 2.1.11-servicing-32099 initialized 'AuthenticationContext' using provider 'Microsoft.EntityFrameworkCore.SqlServer' with options: None 
2019-11-22 13:40:36.5292|20101|INFO|Microsoft.EntityFrameworkCore.Database.Command|Executed DbCommand (46ms) [Parameters=[], CommandType='Text', CommandTimeout='30']
SELECT [e].[EId], [e].[BDay], [e].[EmployeeName], [e].[Nic], [e].[PhoneNo]
FROM [EmployeeDetails] AS [e] 
2019-11-22 13:40:36.5292||INFO|WebAPI.Controllers.EmployeeDetailController|Message displayed: WebAPI.Models.EmployeeDetail, WebAPI.Models.EmployeeDetail, WebAPI.Models.EmployeeDetail, WebAPI.Models.EmployeeDetail, WebAPI.Models.EmployeeDetail 
2019-11-22 13:40:36.5292|2|INFO|Microsoft.AspNetCore.Mvc.Internal.ControllerActionInvoker|Executed action method WebAPI.Controllers.EmployeeDetailController.GetEmployeeDetails (WebAPI), returned result Microsoft.AspNetCore.Mvc.OkObjectResult in 49.1598ms. 
2019-11-22 13:40:36.5313|1|INFO|Microsoft.AspNetCore.Mvc.Infrastructure.ObjectResultExecutor|Executing ObjectResult, writing value of type 'System.Collections.Generic.List`1[[WebAPI.Models.EmployeeDetail, WebAPI, Version=1.0.0.0, Culture=neutral, PublicKeyToken=null]]'. 
2019-11-22 13:40:36.5313|2|INFO|Microsoft.AspNetCore.Mvc.Internal.ControllerActionInvoker|Executed action WebAPI.Controllers.EmployeeDetailController.GetEmployeeDetails (WebAPI) in 87.0656ms 
2019-11-22 13:40:36.5313|2|INFO|Microsoft.AspNetCore.Hosting.Internal.WebHost|Request finished in 88.725ms 200 application/json; charset=utf-8 
2019-11-22 13:40:55.1655|1|INFO|Microsoft.AspNetCore.Hosting.Internal.WebHost|Request starting HTTP/1.1 OPTIONS http://localhost:44305/api/EmployeeDetail/29   
2019-11-22 13:40:55.1655|4|INFO|Microsoft.AspNetCore.Cors.Infrastructure.CorsService|Policy execution successful. 
2019-11-22 13:40:55.1750|2|INFO|Microsoft.AspNetCore.Hosting.Internal.WebHost|Request finished in 2.5148ms 204  
2019-11-22 13:40:55.1873|1|INFO|Microsoft.AspNetCore.Hosting.Internal.WebHost|Request starting HTTP/1.1 PUT http://localhost:44305/api/EmployeeDetail/29 application/json 89 
2019-11-22 13:40:55.1873|4|INFO|Microsoft.AspNetCore.Cors.Infrastructure.CorsService|Policy execution successful. 
2019-11-22 13:40:55.3034|3|INFO|Microsoft.AspNetCore.Mvc.Internal.ControllerActionInvoker|Route matched with {action = "PutEmployeeDetail", controller = "EmployeeDetail", page = "", area = ""}. Executing controller action with signature System.Threading.Tasks.Task`1[Microsoft.AspNetCore.Mvc.IActionResult] PutEmployeeDetail(Int32, WebAPI.Models.EmployeeDetail) on controller WebAPI.Controllers.EmployeeDetailController (WebAPI). 
2019-11-22 13:40:55.3685|1|INFO|Microsoft.AspNetCore.Mvc.Internal.ControllerActionInvoker|Executing action method WebAPI.Controllers.EmployeeDetailController.PutEmployeeDetail (WebAPI) - Validation state: Valid 
2019-11-22 13:40:55.4457|10403|INFO|Microsoft.EntityFrameworkCore.Infrastructure|Entity Framework Core 2.1.11-servicing-32099 initialized 'AuthenticationContext' using provider 'Microsoft.EntityFrameworkCore.SqlServer' with options: None 
2019-11-22 13:40:56.3918|20101|INFO|Microsoft.EntityFrameworkCore.Database.Command|Executed DbCommand (291ms) [Parameters=[@p4='?' (DbType = Int32), @p0='?' (Size = 10), @p1='?' (Size = 100), @p2='?' (Size = 10), @p3='?' (Size = 10)], CommandType='Text', CommandTimeout='30']
SET NOCOUNT ON;
UPDATE [EmployeeDetails] SET [BDay] = @p0, [EmployeeName] = @p1, [Nic] = @p2, [PhoneNo] = @p3
WHERE [EId] = @p4;
SELECT @@ROWCOUNT; 
2019-11-22 13:40:56.4941|2|INFO|Microsoft.AspNetCore.Mvc.Internal.ControllerActionInvoker|Executed action method WebAPI.Controllers.EmployeeDetailController.PutEmployeeDetail (WebAPI), returned result Microsoft.AspNetCore.Mvc.OkResult in 1124.5066ms. 
2019-11-22 13:40:56.5230|1|INFO|Microsoft.AspNetCore.Mvc.StatusCodeResult|Executing HttpStatusCodeResult, setting HTTP status code 200 
2019-11-22 13:40:56.5230|2|INFO|Microsoft.AspNetCore.Mvc.Internal.ControllerActionInvoker|Executed action WebAPI.Controllers.EmployeeDetailController.PutEmployeeDetail (WebAPI) in 1220.0801ms 
2019-11-22 13:40:56.5230|2|INFO|Microsoft.AspNetCore.Hosting.Internal.WebHost|Request finished in 1337.4901ms 200  
2019-11-22 13:40:56.5525|1|INFO|Microsoft.AspNetCore.Hosting.Internal.WebHost|Request starting HTTP/1.1 GET http://localhost:44305/api/EmployeeDetail   
2019-11-22 13:40:56.5525|4|INFO|Microsoft.AspNetCore.Cors.Infrastructure.CorsService|Policy execution successful. 
2019-11-22 13:40:56.5525|3|INFO|Microsoft.AspNetCore.Mvc.Internal.ControllerActionInvoker|Route matched with {action = "GetEmployeeDetails", controller = "EmployeeDetail", page = "", area = ""}. Executing controller action with signature System.Threading.Tasks.Task`1[Microsoft.AspNetCore.Mvc.ActionResult] GetEmployeeDetails() on controller WebAPI.Controllers.EmployeeDetailController (WebAPI). 
2019-11-22 13:40:56.5722|1|INFO|Microsoft.AspNetCore.Mvc.Internal.ControllerActionInvoker|Executing action method WebAPI.Controllers.EmployeeDetailController.GetEmployeeDetails (WebAPI) - Validation state: Valid 
2019-11-22 13:40:56.5806|10403|INFO|Microsoft.EntityFrameworkCore.Infrastructure|Entity Framework Core 2.1.11-servicing-32099 initialized 'AuthenticationContext' using provider 'Microsoft.EntityFrameworkCore.SqlServer' with options: None 
2019-11-22 13:40:56.6248|20101|INFO|Microsoft.EntityFrameworkCore.Database.Command|Executed DbCommand (43ms) [Parameters=[], CommandType='Text', CommandTimeout='30']
SELECT [e].[EId], [e].[BDay], [e].[EmployeeName], [e].[Nic], [e].[PhoneNo]
FROM [EmployeeDetails] AS [e] 
2019-11-22 13:40:56.6248||INFO|WebAPI.Controllers.EmployeeDetailController|Message displayed: WebAPI.Models.EmployeeDetail, WebAPI.Models.EmployeeDetail, WebAPI.Models.EmployeeDetail, WebAPI.Models.EmployeeDetail, WebAPI.Models.EmployeeDetail 
2019-11-22 13:40:56.6248|2|INFO|Microsoft.AspNetCore.Mvc.Internal.ControllerActionInvoker|Executed action method WebAPI.Controllers.EmployeeDetailController.GetEmployeeDetails (WebAPI), returned result Microsoft.AspNetCore.Mvc.OkObjectResult in 53.766ms. 
2019-11-22 13:40:56.6248|1|INFO|Microsoft.AspNetCore.Mvc.Infrastructure.ObjectResultExecutor|Executing ObjectResult, writing value of type 'System.Collections.Generic.List`1[[WebAPI.Models.EmployeeDetail, WebAPI, Version=1.0.0.0, Culture=neutral, PublicKeyToken=null]]'. 
2019-11-22 13:40:56.6248|2|INFO|Microsoft.AspNetCore.Mvc.Internal.ControllerActionInvoker|Executed action WebAPI.Controllers.EmployeeDetailController.GetEmployeeDetails (WebAPI) in 73.5428ms 
2019-11-22 13:40:56.6248|2|INFO|Microsoft.AspNetCore.Hosting.Internal.WebHost|Request finished in 75.2895ms 200 application/json; charset=utf-8 
2019-11-22 13:53:30.7523||DEBUG|WebAPI.Program|init main 
2019-11-22 13:53:32.6161||INFO|WebAPI.Startup|Added TodoRepository to services 
2019-11-22 13:53:32.7041||INFO|Microsoft.AspNetCore.DataProtection.KeyManagement.XmlKeyManager|User profile is available. Using 'C:\Users\HansikaW\AppData\Local\ASP.NET\DataProtection-Keys' as key repository and Windows DPAPI to encrypt keys at rest. 
2019-11-22 13:53:32.7768||INFO|WebAPI.Startup|In Development environment 
2019-11-22 13:53:33.3224|1|INFO|Microsoft.AspNetCore.Hosting.Internal.WebHost|Request starting HTTP/1.1 DEBUG http://localhost:51417/  0 
2019-11-22 13:53:33.3224|1|INFO|Microsoft.AspNetCore.Hosting.Internal.WebHost|Request starting HTTP/1.1 GET http://localhost:44305/api/values   
2019-11-22 13:53:33.3549|2|INFO|Microsoft.AspNetCore.Hosting.Internal.WebHost|Request finished in 31.2873ms 200  
2019-11-22 13:53:33.5146|3|INFO|Microsoft.AspNetCore.Mvc.Internal.ControllerActionInvoker|Route matched with {action = "Get", controller = "Values", page = "", area = ""}. Executing controller action with signature Microsoft.AspNetCore.Mvc.ActionResult`1[System.Collections.Generic.IEnumerable`1[System.String]] Get() on controller WebAPI.Controllers.ValuesController (WebAPI). 
2019-11-22 13:53:33.7007|1|INFO|Microsoft.AspNetCore.Mvc.Internal.ControllerActionInvoker|Executing action method WebAPI.Controllers.ValuesController.Get (WebAPI) - Validation state: Valid 
2019-11-22 13:53:33.7007|2|INFO|Microsoft.AspNetCore.Mvc.Internal.ControllerActionInvoker|Executed action method WebAPI.Controllers.ValuesController.Get (WebAPI), returned result Microsoft.AspNetCore.Mvc.ObjectResult in 0.322ms. 
2019-11-22 13:53:33.7122|1|INFO|Microsoft.AspNetCore.Mvc.Infrastructure.ObjectResultExecutor|Executing ObjectResult, writing value of type 'System.String[]'. 
2019-11-22 13:53:33.7527|2|INFO|Microsoft.AspNetCore.Mvc.Internal.ControllerActionInvoker|Executed action WebAPI.Controllers.ValuesController.Get (WebAPI) in 234.4435ms 
2019-11-22 13:53:33.7569|2|INFO|Microsoft.AspNetCore.Hosting.Internal.WebHost|Request finished in 435.1142ms 200 application/json; charset=utf-8 
2019-11-22 13:53:46.7439|1|INFO|Microsoft.AspNetCore.Hosting.Internal.WebHost|Request starting HTTP/1.1 OPTIONS http://localhost:44305/api/applicationUser/Login   
2019-11-22 13:53:46.7439|4|INFO|Microsoft.AspNetCore.Cors.Infrastructure.CorsService|Policy execution successful. 
2019-11-22 13:53:46.7439|2|INFO|Microsoft.AspNetCore.Hosting.Internal.WebHost|Request finished in 2.7794ms 204  
2019-11-22 13:53:46.7566|1|INFO|Microsoft.AspNetCore.Hosting.Internal.WebHost|Request starting HTTP/1.1 POST http://localhost:44305/api/applicationUser/Login application/json 38 
2019-11-22 13:53:46.7566|4|INFO|Microsoft.AspNetCore.Cors.Infrastructure.CorsService|Policy execution successful. 
2019-11-22 13:53:46.7733|3|INFO|Microsoft.AspNetCore.Mvc.Internal.ControllerActionInvoker|Route matched with {action = "Login", controller = "ApplicationUser", page = "", area = ""}. Executing controller action with signature System.Threading.Tasks.Task`1[Microsoft.AspNetCore.Mvc.IActionResult] Login(WebAPI.Models.LoginModel) on controller WebAPI.Controllers.ApplicationUserController (WebAPI). 
2019-11-22 13:53:46.8326|1|INFO|Microsoft.AspNetCore.Mvc.Internal.ControllerActionInvoker|Executing action method WebAPI.Controllers.ApplicationUserController.Login (WebAPI) - Validation state: Valid 
2019-11-22 13:53:47.0749|10403|INFO|Microsoft.EntityFrameworkCore.Infrastructure|Entity Framework Core 2.1.11-servicing-32099 initialized 'AuthenticationContext' using provider 'Microsoft.EntityFrameworkCore.SqlServer' with options: None 
2019-11-22 13:53:47.3913|20101|INFO|Microsoft.EntityFrameworkCore.Database.Command|Executed DbCommand (53ms) [Parameters=[@__normalizedUserName_0='?' (Size = 256)], CommandType='Text', CommandTimeout='30']
SELECT TOP(1) [u].[Id], [u].[AccessFailedCount], [u].[ConcurrencyStamp], [u].[Discriminator], [u].[Email], [u].[EmailConfirmed], [u].[LockoutEnabled], [u].[LockoutEnd], [u].[NormalizedEmail], [u].[NormalizedUserName], [u].[PasswordHash], [u].[PhoneNumber], [u].[PhoneNumberConfirmed], [u].[SecurityStamp], [u].[TwoFactorEnabled], [u].[UserName], [u].[FullName]
FROM [AspNetUsers] AS [u]
WHERE ([u].[Discriminator] = N'ApplicationUser') AND ([u].[NormalizedUserName] = @__normalizedUserName_0) 
2019-11-22 13:53:47.5165|2|INFO|Microsoft.AspNetCore.Mvc.Internal.ControllerActionInvoker|Executed action method WebAPI.Controllers.ApplicationUserController.Login (WebAPI), returned result Microsoft.AspNetCore.Mvc.OkObjectResult in 683.2099ms. 
2019-11-22 13:53:47.5214|1|INFO|Microsoft.AspNetCore.Mvc.Infrastructure.ObjectResultExecutor|Executing ObjectResult, writing value of type '<>f__AnonymousType0`1[[System.String, System.Private.CoreLib, Version=4.0.0.0, Culture=neutral, PublicKeyToken=7cec85d7bea7798e]]'. 
2019-11-22 13:53:47.5214|2|INFO|Microsoft.AspNetCore.Mvc.Internal.ControllerActionInvoker|Executed action WebAPI.Controllers.ApplicationUserController.Login (WebAPI) in 753.2474ms 
2019-11-22 13:53:47.5214|2|INFO|Microsoft.AspNetCore.Hosting.Internal.WebHost|Request finished in 775.5039ms 200 application/json; charset=utf-8 
2019-11-22 13:53:47.5667|1|INFO|Microsoft.AspNetCore.Hosting.Internal.WebHost|Request starting HTTP/1.1 OPTIONS http://localhost:44305/api/UserProfile   
2019-11-22 13:53:47.5667|4|INFO|Microsoft.AspNetCore.Cors.Infrastructure.CorsService|Policy execution successful. 
2019-11-22 13:53:47.5667|2|INFO|Microsoft.AspNetCore.Hosting.Internal.WebHost|Request finished in 1.4302ms 204  
2019-11-22 13:53:47.5667|1|INFO|Microsoft.AspNetCore.Hosting.Internal.WebHost|Request starting HTTP/1.1 GET http://localhost:44305/api/EmployeeDetail   
2019-11-22 13:53:47.5667|4|INFO|Microsoft.AspNetCore.Cors.Infrastructure.CorsService|Policy execution successful. 
2019-11-22 13:53:47.5667|3|INFO|Microsoft.AspNetCore.Mvc.Internal.ControllerActionInvoker|Route matched with {action = "GetEmployeeDetails", controller = "EmployeeDetail", page = "", area = ""}. Executing controller action with signature System.Threading.Tasks.Task`1[Microsoft.AspNetCore.Mvc.ActionResult] GetEmployeeDetails() on controller WebAPI.Controllers.EmployeeDetailController (WebAPI). 
2019-11-22 13:53:47.5927|1|INFO|Microsoft.AspNetCore.Mvc.Internal.ControllerActionInvoker|Executing action method WebAPI.Controllers.EmployeeDetailController.GetEmployeeDetails (WebAPI) - Validation state: Valid 
2019-11-22 13:53:47.5990|10403|INFO|Microsoft.EntityFrameworkCore.Infrastructure|Entity Framework Core 2.1.11-servicing-32099 initialized 'AuthenticationContext' using provider 'Microsoft.EntityFrameworkCore.SqlServer' with options: None 
2019-11-22 13:53:47.6603|20101|INFO|Microsoft.EntityFrameworkCore.Database.Command|Executed DbCommand (51ms) [Parameters=[], CommandType='Text', CommandTimeout='30']
SELECT [e].[EId], [e].[BDay], [e].[EmployeeName], [e].[Nic], [e].[PhoneNo]
FROM [EmployeeDetails] AS [e] 
2019-11-22 13:53:47.6603|1|INFO|Microsoft.AspNetCore.Hosting.Internal.WebHost|Request starting HTTP/1.1 GET http://localhost:44305/api/UserProfile   
2019-11-22 13:53:47.6603|4|INFO|Microsoft.AspNetCore.Cors.Infrastructure.CorsService|Policy execution successful. 
2019-11-22 13:53:47.6603|3|INFO|Microsoft.AspNetCore.Mvc.Internal.ControllerActionInvoker|Route matched with {action = "GetUserProfile", controller = "UserProfile", page = "", area = ""}. Executing controller action with signature System.Threading.Tasks.Task`1[System.Object] GetUserProfile() on controller WebAPI.Controllers.UserProfileController (WebAPI). 
2019-11-22 13:53:47.6893|2|INFO|Microsoft.AspNetCore.Authorization.DefaultAuthorizationService|Authorization failed. 
2019-11-22 13:53:47.6893|3|INFO|Microsoft.AspNetCore.Mvc.Internal.ControllerActionInvoker|Authorization failed for the request at filter 'Microsoft.AspNetCore.Mvc.Authorization.AuthorizeFilter'. 
2019-11-22 13:53:47.6946|1|INFO|Microsoft.AspNetCore.Mvc.ChallengeResult|Executing ChallengeResult with authentication schemes (). 
2019-11-22 13:53:47.7350|2|INFO|Microsoft.AspNetCore.Authentication.JwtBearer.JwtBearerHandler|Successfully validated the token. 
2019-11-22 13:53:47.7350|12|INFO|Microsoft.AspNetCore.Authentication.JwtBearer.JwtBearerHandler|AuthenticationScheme: Bearer was challenged. 
2019-11-22 13:53:47.7350|2|INFO|Microsoft.AspNetCore.Mvc.Internal.ControllerActionInvoker|Executed action WebAPI.Controllers.UserProfileController.GetUserProfile (WebAPI) in 63.4385ms 
2019-11-22 13:53:47.7350|2|INFO|Microsoft.AspNetCore.Hosting.Internal.WebHost|Request finished in 70.7668ms 401  
2019-11-22 13:53:47.7466||INFO|WebAPI.Controllers.EmployeeDetailController|Message displayed: WebAPI.Models.EmployeeDetail, WebAPI.Models.EmployeeDetail, WebAPI.Models.EmployeeDetail, WebAPI.Models.EmployeeDetail, WebAPI.Models.EmployeeDetail 
2019-11-22 13:53:47.7466|2|INFO|Microsoft.AspNetCore.Mvc.Internal.ControllerActionInvoker|Executed action method WebAPI.Controllers.EmployeeDetailController.GetEmployeeDetails (WebAPI), returned result Microsoft.AspNetCore.Mvc.OkObjectResult in 157.76ms. 
2019-11-22 13:53:47.7466|1|INFO|Microsoft.AspNetCore.Mvc.Infrastructure.ObjectResultExecutor|Executing ObjectResult, writing value of type 'System.Collections.Generic.List`1[[WebAPI.Models.EmployeeDetail, WebAPI, Version=1.0.0.0, Culture=neutral, PublicKeyToken=null]]'. 
2019-11-22 13:53:47.7564|2|INFO|Microsoft.AspNetCore.Mvc.Internal.ControllerActionInvoker|Executed action WebAPI.Controllers.EmployeeDetailController.GetEmployeeDetails (WebAPI) in 180.7477ms 
2019-11-22 13:53:47.7564|2|INFO|Microsoft.AspNetCore.Hosting.Internal.WebHost|Request finished in 188.5799ms 200 application/json; charset=utf-8 
