2019-10-17 16:55:48.9370||DEBUG|WebAPI.Program|init main 
2019-10-17 16:55:51.3816||INFO|WebAPI.Startup|Added TodoRepository to services 
2019-10-17 16:55:51.4719||INFO|Microsoft.AspNetCore.DataProtection.KeyManagement.XmlKeyManager|User profile is available. Using 'C:\Users\HansikaW\AppData\Local\ASP.NET\DataProtection-Keys' as key repository and Windows DPAPI to encrypt keys at rest. 
2019-10-17 16:55:51.5443||INFO|WebAPI.Startup|In Development environment 
2019-10-17 16:55:51.9041|1|INFO|Microsoft.AspNetCore.Hosting.Internal.WebHost|Request starting HTTP/1.1 GET http://localhost:44305/api/values   
2019-10-17 16:55:51.9041|1|INFO|Microsoft.AspNetCore.Hosting.Internal.WebHost|Request starting HTTP/1.1 DEBUG http://localhost:51417/  0 
2019-10-17 16:55:51.9369|2|INFO|Microsoft.AspNetCore.Hosting.Internal.WebHost|Request finished in 31.7023ms 200  
2019-10-17 16:55:52.3044|3|INFO|Microsoft.AspNetCore.Mvc.Internal.ControllerActionInvoker|Route matched with {action = "Get", controller = "Values", page = "", area = ""}. Executing controller action with signature Microsoft.AspNetCore.Mvc.ActionResult`1[System.Collections.Generic.IEnumerable`1[System.String]] Get() on controller WebAPI.Controllers.ValuesController (WebAPI). 
2019-10-17 16:55:52.7060|1|INFO|Microsoft.AspNetCore.Mvc.Internal.ControllerActionInvoker|Executing action method WebAPI.Controllers.ValuesController.Get (WebAPI) - Validation state: Valid 
2019-10-17 16:55:52.7096|2|INFO|Microsoft.AspNetCore.Mvc.Internal.ControllerActionInvoker|Executed action method WebAPI.Controllers.ValuesController.Get (WebAPI), returned result Microsoft.AspNetCore.Mvc.ObjectResult in 0.4458ms. 
2019-10-17 16:55:52.7400|1|INFO|Microsoft.AspNetCore.Mvc.Infrastructure.ObjectResultExecutor|Executing ObjectResult, writing value of type 'System.String[]'. 
2019-10-17 16:55:52.8022|2|INFO|Microsoft.AspNetCore.Mvc.Internal.ControllerActionInvoker|Executed action WebAPI.Controllers.ValuesController.Get (WebAPI) in 494.7849ms 
2019-10-17 16:55:52.8079|2|INFO|Microsoft.AspNetCore.Hosting.Internal.WebHost|Request finished in 904.5631ms 200 application/json; charset=utf-8 
2019-10-17 16:55:52.9652|1|INFO|Microsoft.AspNetCore.Hosting.Internal.WebHost|Request starting HTTP/1.1 GET http://localhost:44305/favicon.ico   
2019-10-17 16:55:52.9652|2|INFO|Microsoft.AspNetCore.Hosting.Internal.WebHost|Request finished in 1.0206ms 404  
2019-10-17 16:56:29.1922|1|INFO|Microsoft.AspNetCore.Hosting.Internal.WebHost|Request starting HTTP/1.1 GET http://localhost:44305/api/values   
2019-10-17 16:56:29.2019|3|INFO|Microsoft.AspNetCore.Mvc.Internal.ControllerActionInvoker|Route matched with {action = "Get", controller = "Values", page = "", area = ""}. Executing controller action with signature Microsoft.AspNetCore.Mvc.ActionResult`1[System.Collections.Generic.IEnumerable`1[System.String]] Get() on controller WebAPI.Controllers.ValuesController (WebAPI). 
2019-10-17 16:56:29.2264|1|INFO|Microsoft.AspNetCore.Mvc.Internal.ControllerActionInvoker|Executing action method WebAPI.Controllers.ValuesController.Get (WebAPI) - Validation state: Valid 
2019-10-17 16:56:29.2264|2|INFO|Microsoft.AspNetCore.Mvc.Internal.ControllerActionInvoker|Executed action method WebAPI.Controllers.ValuesController.Get (WebAPI), returned result Microsoft.AspNetCore.Mvc.ObjectResult in 0.0611ms. 
2019-10-17 16:56:29.2264|1|INFO|Microsoft.AspNetCore.Mvc.Infrastructure.ObjectResultExecutor|Executing ObjectResult, writing value of type 'System.String[]'. 
2019-10-17 16:56:29.2264|2|INFO|Microsoft.AspNetCore.Mvc.Internal.ControllerActionInvoker|Executed action WebAPI.Controllers.ValuesController.Get (WebAPI) in 33.1701ms 
2019-10-17 16:56:29.2264|2|INFO|Microsoft.AspNetCore.Hosting.Internal.WebHost|Request finished in 43.7343ms 200 application/json; charset=utf-8 
2019-10-17 16:57:09.0349|1|INFO|Microsoft.AspNetCore.Hosting.Internal.WebHost|Request starting HTTP/1.1 GET http://localhost:44305/api/values   
2019-10-17 16:57:09.0465|3|INFO|Microsoft.AspNetCore.Mvc.Internal.ControllerActionInvoker|Route matched with {action = "Get", controller = "Values", page = "", area = ""}. Executing controller action with signature Microsoft.AspNetCore.Mvc.ActionResult`1[System.Collections.Generic.IEnumerable`1[System.String]] Get() on controller WebAPI.Controllers.ValuesController (WebAPI). 
2019-10-17 16:57:09.0617|1|INFO|Microsoft.AspNetCore.Mvc.Internal.ControllerActionInvoker|Executing action method WebAPI.Controllers.ValuesController.Get (WebAPI) - Validation state: Valid 
2019-10-17 16:57:09.0905|2|INFO|Microsoft.AspNetCore.Mvc.Internal.ControllerActionInvoker|Executed action method WebAPI.Controllers.ValuesController.Get (WebAPI), returned result Microsoft.AspNetCore.Mvc.ObjectResult in 0.0128ms. 
2019-10-17 16:57:09.0905|1|INFO|Microsoft.AspNetCore.Mvc.Infrastructure.ObjectResultExecutor|Executing ObjectResult, writing value of type 'System.String[]'. 
2019-10-17 16:57:09.0905|2|INFO|Microsoft.AspNetCore.Mvc.Internal.ControllerActionInvoker|Executed action WebAPI.Controllers.ValuesController.Get (WebAPI) in 53.2728ms 
2019-10-17 16:57:09.0905|2|INFO|Microsoft.AspNetCore.Hosting.Internal.WebHost|Request finished in 65.7979ms 200 application/json; charset=utf-8 
2019-10-17 16:57:09.1859|1|INFO|Microsoft.AspNetCore.Hosting.Internal.WebHost|Request starting HTTP/1.1 GET http://localhost:44305/api/values   
2019-10-17 16:57:09.1859|3|INFO|Microsoft.AspNetCore.Mvc.Internal.ControllerActionInvoker|Route matched with {action = "Get", controller = "Values", page = "", area = ""}. Executing controller action with signature Microsoft.AspNetCore.Mvc.ActionResult`1[System.Collections.Generic.IEnumerable`1[System.String]] Get() on controller WebAPI.Controllers.ValuesController (WebAPI). 
2019-10-17 16:57:09.2012|1|INFO|Microsoft.AspNetCore.Mvc.Internal.ControllerActionInvoker|Executing action method WebAPI.Controllers.ValuesController.Get (WebAPI) - Validation state: Valid 
2019-10-17 16:57:09.2012|2|INFO|Microsoft.AspNetCore.Mvc.Internal.ControllerActionInvoker|Executed action method WebAPI.Controllers.ValuesController.Get (WebAPI), returned result Microsoft.AspNetCore.Mvc.ObjectResult in 0.0071ms. 
2019-10-17 16:57:09.2012|1|INFO|Microsoft.AspNetCore.Mvc.Infrastructure.ObjectResultExecutor|Executing ObjectResult, writing value of type 'System.String[]'. 
2019-10-17 16:57:09.2012|2|INFO|Microsoft.AspNetCore.Mvc.Internal.ControllerActionInvoker|Executed action WebAPI.Controllers.ValuesController.Get (WebAPI) in 15.7464ms 
2019-10-17 16:57:09.2012|2|INFO|Microsoft.AspNetCore.Hosting.Internal.WebHost|Request finished in 17.0229ms 200 application/json; charset=utf-8 
2019-10-17 16:57:09.3814|1|INFO|Microsoft.AspNetCore.Hosting.Internal.WebHost|Request starting HTTP/1.1 GET http://localhost:44305/api/values   
2019-10-17 16:57:09.3814|3|INFO|Microsoft.AspNetCore.Mvc.Internal.ControllerActionInvoker|Route matched with {action = "Get", controller = "Values", page = "", area = ""}. Executing controller action with signature Microsoft.AspNetCore.Mvc.ActionResult`1[System.Collections.Generic.IEnumerable`1[System.String]] Get() on controller WebAPI.Controllers.ValuesController (WebAPI). 
2019-10-17 16:57:09.3978|1|INFO|Microsoft.AspNetCore.Mvc.Internal.ControllerActionInvoker|Executing action method WebAPI.Controllers.ValuesController.Get (WebAPI) - Validation state: Valid 
2019-10-17 16:57:09.3978|2|INFO|Microsoft.AspNetCore.Mvc.Internal.ControllerActionInvoker|Executed action method WebAPI.Controllers.ValuesController.Get (WebAPI), returned result Microsoft.AspNetCore.Mvc.ObjectResult in 0.0097ms. 
2019-10-17 16:57:09.3978|1|INFO|Microsoft.AspNetCore.Mvc.Infrastructure.ObjectResultExecutor|Executing ObjectResult, writing value of type 'System.String[]'. 
2019-10-17 16:57:09.3978|2|INFO|Microsoft.AspNetCore.Mvc.Internal.ControllerActionInvoker|Executed action WebAPI.Controllers.ValuesController.Get (WebAPI) in 16.6761ms 
2019-10-17 16:57:09.3993|2|INFO|Microsoft.AspNetCore.Hosting.Internal.WebHost|Request finished in 17.9387ms 200 application/json; charset=utf-8 
2019-10-17 16:57:09.5645|1|INFO|Microsoft.AspNetCore.Hosting.Internal.WebHost|Request starting HTTP/1.1 GET http://localhost:44305/api/values   
2019-10-17 16:57:09.5645|3|INFO|Microsoft.AspNetCore.Mvc.Internal.ControllerActionInvoker|Route matched with {action = "Get", controller = "Values", page = "", area = ""}. Executing controller action with signature Microsoft.AspNetCore.Mvc.ActionResult`1[System.Collections.Generic.IEnumerable`1[System.String]] Get() on controller WebAPI.Controllers.ValuesController (WebAPI). 
2019-10-17 16:57:09.5825|1|INFO|Microsoft.AspNetCore.Mvc.Internal.ControllerActionInvoker|Executing action method WebAPI.Controllers.ValuesController.Get (WebAPI) - Validation state: Valid 
2019-10-17 16:57:09.5825|2|INFO|Microsoft.AspNetCore.Mvc.Internal.ControllerActionInvoker|Executed action method WebAPI.Controllers.ValuesController.Get (WebAPI), returned result Microsoft.AspNetCore.Mvc.ObjectResult in 0.0083ms. 
2019-10-17 16:57:09.5825|1|INFO|Microsoft.AspNetCore.Mvc.Infrastructure.ObjectResultExecutor|Executing ObjectResult, writing value of type 'System.String[]'. 
2019-10-17 16:57:09.5825|2|INFO|Microsoft.AspNetCore.Mvc.Internal.ControllerActionInvoker|Executed action WebAPI.Controllers.ValuesController.Get (WebAPI) in 18.1364ms 
2019-10-17 16:57:09.5825|2|INFO|Microsoft.AspNetCore.Hosting.Internal.WebHost|Request finished in 19.6394ms 200 application/json; charset=utf-8 
2019-10-17 16:57:09.7772|1|INFO|Microsoft.AspNetCore.Hosting.Internal.WebHost|Request starting HTTP/1.1 GET http://localhost:44305/api/values   
2019-10-17 16:57:09.7772|3|INFO|Microsoft.AspNetCore.Mvc.Internal.ControllerActionInvoker|Route matched with {action = "Get", controller = "Values", page = "", area = ""}. Executing controller action with signature Microsoft.AspNetCore.Mvc.ActionResult`1[System.Collections.Generic.IEnumerable`1[System.String]] Get() on controller WebAPI.Controllers.ValuesController (WebAPI). 
2019-10-17 16:57:09.7952|1|INFO|Microsoft.AspNetCore.Mvc.Internal.ControllerActionInvoker|Executing action method WebAPI.Controllers.ValuesController.Get (WebAPI) - Validation state: Valid 
2019-10-17 16:57:09.7952|2|INFO|Microsoft.AspNetCore.Mvc.Internal.ControllerActionInvoker|Executed action method WebAPI.Controllers.ValuesController.Get (WebAPI), returned result Microsoft.AspNetCore.Mvc.ObjectResult in 0.0071ms. 
2019-10-17 16:57:09.7952|1|INFO|Microsoft.AspNetCore.Mvc.Infrastructure.ObjectResultExecutor|Executing ObjectResult, writing value of type 'System.String[]'. 
2019-10-17 16:57:09.7952|2|INFO|Microsoft.AspNetCore.Mvc.Internal.ControllerActionInvoker|Executed action WebAPI.Controllers.ValuesController.Get (WebAPI) in 18.068ms 
2019-10-17 16:57:09.7952|2|INFO|Microsoft.AspNetCore.Hosting.Internal.WebHost|Request finished in 19.6161ms 200 application/json; charset=utf-8 
2019-10-17 16:57:15.1969|1|INFO|Microsoft.AspNetCore.Hosting.Internal.WebHost|Request starting HTTP/1.1 GET http://localhost:44305/api/values   
2019-10-17 16:57:15.1977|3|INFO|Microsoft.AspNetCore.Mvc.Internal.ControllerActionInvoker|Route matched with {action = "Get", controller = "Values", page = "", area = ""}. Executing controller action with signature Microsoft.AspNetCore.Mvc.ActionResult`1[System.Collections.Generic.IEnumerable`1[System.String]] Get() on controller WebAPI.Controllers.ValuesController (WebAPI). 
2019-10-17 16:57:15.2138|1|INFO|Microsoft.AspNetCore.Mvc.Internal.ControllerActionInvoker|Executing action method WebAPI.Controllers.ValuesController.Get (WebAPI) - Validation state: Valid 
2019-10-17 16:57:15.2138|2|INFO|Microsoft.AspNetCore.Mvc.Internal.ControllerActionInvoker|Executed action method WebAPI.Controllers.ValuesController.Get (WebAPI), returned result Microsoft.AspNetCore.Mvc.ObjectResult in 0.008ms. 
2019-10-17 16:57:15.2138|1|INFO|Microsoft.AspNetCore.Mvc.Infrastructure.ObjectResultExecutor|Executing ObjectResult, writing value of type 'System.String[]'. 
2019-10-17 16:57:15.2138|2|INFO|Microsoft.AspNetCore.Mvc.Internal.ControllerActionInvoker|Executed action WebAPI.Controllers.ValuesController.Get (WebAPI) in 17.0735ms 
2019-10-17 16:57:15.2138|2|INFO|Microsoft.AspNetCore.Hosting.Internal.WebHost|Request finished in 18.4472ms 200 application/json; charset=utf-8 
2019-10-17 16:57:15.2678|1|INFO|Microsoft.AspNetCore.Hosting.Internal.WebHost|Request starting HTTP/1.1 GET http://localhost:44305/api/values   
2019-10-17 16:57:15.2678|3|INFO|Microsoft.AspNetCore.Mvc.Internal.ControllerActionInvoker|Route matched with {action = "Get", controller = "Values", page = "", area = ""}. Executing controller action with signature Microsoft.AspNetCore.Mvc.ActionResult`1[System.Collections.Generic.IEnumerable`1[System.String]] Get() on controller WebAPI.Controllers.ValuesController (WebAPI). 
2019-10-17 16:57:15.2832|1|INFO|Microsoft.AspNetCore.Mvc.Internal.ControllerActionInvoker|Executing action method WebAPI.Controllers.ValuesController.Get (WebAPI) - Validation state: Valid 
2019-10-17 16:57:15.2832|2|INFO|Microsoft.AspNetCore.Mvc.Internal.ControllerActionInvoker|Executed action method WebAPI.Controllers.ValuesController.Get (WebAPI), returned result Microsoft.AspNetCore.Mvc.ObjectResult in 0.0142ms. 
2019-10-17 16:57:15.2832|1|INFO|Microsoft.AspNetCore.Mvc.Infrastructure.ObjectResultExecutor|Executing ObjectResult, writing value of type 'System.String[]'. 
2019-10-17 16:57:15.2832|2|INFO|Microsoft.AspNetCore.Mvc.Internal.ControllerActionInvoker|Executed action WebAPI.Controllers.ValuesController.Get (WebAPI) in 15.7867ms 
2019-10-17 16:57:15.2832|2|INFO|Microsoft.AspNetCore.Hosting.Internal.WebHost|Request finished in 16.9776ms 200 application/json; charset=utf-8 
2019-10-17 16:57:15.5111|1|INFO|Microsoft.AspNetCore.Hosting.Internal.WebHost|Request starting HTTP/1.1 GET http://localhost:44305/api/values   
2019-10-17 16:57:15.5111|3|INFO|Microsoft.AspNetCore.Mvc.Internal.ControllerActionInvoker|Route matched with {action = "Get", controller = "Values", page = "", area = ""}. Executing controller action with signature Microsoft.AspNetCore.Mvc.ActionResult`1[System.Collections.Generic.IEnumerable`1[System.String]] Get() on controller WebAPI.Controllers.ValuesController (WebAPI). 
2019-10-17 16:57:15.5282|1|INFO|Microsoft.AspNetCore.Mvc.Internal.ControllerActionInvoker|Executing action method WebAPI.Controllers.ValuesController.Get (WebAPI) - Validation state: Valid 
2019-10-17 16:57:15.5282|2|INFO|Microsoft.AspNetCore.Mvc.Internal.ControllerActionInvoker|Executed action method WebAPI.Controllers.ValuesController.Get (WebAPI), returned result Microsoft.AspNetCore.Mvc.ObjectResult in 0.0088ms. 
2019-10-17 16:57:15.5282|1|INFO|Microsoft.AspNetCore.Mvc.Infrastructure.ObjectResultExecutor|Executing ObjectResult, writing value of type 'System.String[]'. 
2019-10-17 16:57:15.5282|2|INFO|Microsoft.AspNetCore.Mvc.Internal.ControllerActionInvoker|Executed action WebAPI.Controllers.ValuesController.Get (WebAPI) in 17.4869ms 
2019-10-17 16:57:15.5282|2|INFO|Microsoft.AspNetCore.Hosting.Internal.WebHost|Request finished in 18.7908ms 200 application/json; charset=utf-8 
2019-10-17 16:57:15.6515|1|INFO|Microsoft.AspNetCore.Hosting.Internal.WebHost|Request starting HTTP/1.1 GET http://localhost:44305/api/values   
2019-10-17 16:57:15.6515|3|INFO|Microsoft.AspNetCore.Mvc.Internal.ControllerActionInvoker|Route matched with {action = "Get", controller = "Values", page = "", area = ""}. Executing controller action with signature Microsoft.AspNetCore.Mvc.ActionResult`1[System.Collections.Generic.IEnumerable`1[System.String]] Get() on controller WebAPI.Controllers.ValuesController (WebAPI). 
2019-10-17 16:57:15.6677|1|INFO|Microsoft.AspNetCore.Mvc.Internal.ControllerActionInvoker|Executing action method WebAPI.Controllers.ValuesController.Get (WebAPI) - Validation state: Valid 
2019-10-17 16:57:15.6677|2|INFO|Microsoft.AspNetCore.Mvc.Internal.ControllerActionInvoker|Executed action method WebAPI.Controllers.ValuesController.Get (WebAPI), returned result Microsoft.AspNetCore.Mvc.ObjectResult in 0.0082ms. 
2019-10-17 16:57:15.6677|1|INFO|Microsoft.AspNetCore.Mvc.Infrastructure.ObjectResultExecutor|Executing ObjectResult, writing value of type 'System.String[]'. 
2019-10-17 16:57:15.6677|2|INFO|Microsoft.AspNetCore.Mvc.Internal.ControllerActionInvoker|Executed action WebAPI.Controllers.ValuesController.Get (WebAPI) in 16.7914ms 
2019-10-17 16:57:15.6677|2|INFO|Microsoft.AspNetCore.Hosting.Internal.WebHost|Request finished in 18.194ms 200 application/json; charset=utf-8 
2019-10-17 16:57:15.8914|1|INFO|Microsoft.AspNetCore.Hosting.Internal.WebHost|Request starting HTTP/1.1 GET http://localhost:44305/api/values   
2019-10-17 16:57:15.8914|3|INFO|Microsoft.AspNetCore.Mvc.Internal.ControllerActionInvoker|Route matched with {action = "Get", controller = "Values", page = "", area = ""}. Executing controller action with signature Microsoft.AspNetCore.Mvc.ActionResult`1[System.Collections.Generic.IEnumerable`1[System.String]] Get() on controller WebAPI.Controllers.ValuesController (WebAPI). 
2019-10-17 16:57:15.9082|1|INFO|Microsoft.AspNetCore.Mvc.Internal.ControllerActionInvoker|Executing action method WebAPI.Controllers.ValuesController.Get (WebAPI) - Validation state: Valid 
2019-10-17 16:57:15.9082|2|INFO|Microsoft.AspNetCore.Mvc.Internal.ControllerActionInvoker|Executed action method WebAPI.Controllers.ValuesController.Get (WebAPI), returned result Microsoft.AspNetCore.Mvc.ObjectResult in 0.0087ms. 
2019-10-17 16:57:15.9082|1|INFO|Microsoft.AspNetCore.Mvc.Infrastructure.ObjectResultExecutor|Executing ObjectResult, writing value of type 'System.String[]'. 
2019-10-17 16:57:15.9082|2|INFO|Microsoft.AspNetCore.Mvc.Internal.ControllerActionInvoker|Executed action WebAPI.Controllers.ValuesController.Get (WebAPI) in 16.3952ms 
2019-10-17 16:57:15.9082|2|INFO|Microsoft.AspNetCore.Hosting.Internal.WebHost|Request finished in 18.2875ms 200 application/json; charset=utf-8 
