2019-10-03 09:39:07.9733||DEBUG|WebAPI.Program|init main |url:             |action: 
2019-10-03 09:39:10.4358||INFO|WebAPI.Startup|Added TodoRepository to services |url:             |action: 
2019-10-03 09:39:10.8537||INFO|WebAPI.Startup|In Development environment |url:             |action: 
2019-10-03 09:44:28.4231||DEBUG|WebAPI.Program|init main |url:             |action: 
2019-10-03 09:44:28.9224||INFO|WebAPI.Startup|Added TodoRepository to services |url:             |action: 
2019-10-03 09:44:29.0070||INFO|WebAPI.Startup|In Development environment |url:             |action: 
2019-10-03 09:44:58.4208||INFO|WebAPI.Controllers.EmployeeDetailController|Message displayed: WebAPI.Models.EmployeeDetail, WebAPI.Models.EmployeeDetail, WebAPI.Models.EmployeeDetail, WebAPI.Models.EmployeeDetail, WebAPI.Models.EmployeeDetail |url:             http://localhost/api/EmployeeDetail|action: GetEmployeeDetails
2019-10-03 09:45:07.0200||INFO|WebAPI.Controllers.EmployeeDetailController|Message displayed: WebAPI.Models.EmployeeDetail, WebAPI.Models.EmployeeDetail, WebAPI.Models.EmployeeDetail, WebAPI.Models.EmployeeDetail, WebAPI.Models.EmployeeDetail |url:             http://localhost/api/EmployeeDetail|action: GetEmployeeDetails
2019-10-03 09:45:13.5975||INFO|WebAPI.Controllers.EmployeeDetailController|Message displayed: WebAPI.Models.EmployeeDetail, WebAPI.Models.EmployeeDetail, WebAPI.Models.EmployeeDetail, WebAPI.Models.EmployeeDetail, WebAPI.Models.EmployeeDetail |url:             http://localhost/api/EmployeeDetail|action: GetEmployeeDetails
2019-10-03 09:45:19.4577||INFO|WebAPI.Controllers.EmployeeDetailController|Message displayed: WebAPI.Models.EmployeeDetail, WebAPI.Models.EmployeeDetail, WebAPI.Models.EmployeeDetail, WebAPI.Models.EmployeeDetail, WebAPI.Models.EmployeeDetail, WebAPI.Models.EmployeeDetail |url:             http://localhost/api/EmployeeDetail|action: GetEmployeeDetails
2019-10-03 09:45:22.0155||INFO|WebAPI.Controllers.EmployeeDetailController|Message displayed: WebAPI.Models.EmployeeDetail, WebAPI.Models.EmployeeDetail, WebAPI.Models.EmployeeDetail, WebAPI.Models.EmployeeDetail, WebAPI.Models.EmployeeDetail |url:             http://localhost/api/EmployeeDetail|action: GetEmployeeDetails
2019-10-03 09:58:08.0309||DEBUG|WebAPI.Program|init main |url:             |action: 
2019-10-03 09:58:08.5223||INFO|WebAPI.Startup|Added TodoRepository to services |url:             |action: 
2019-10-03 09:58:08.6083||INFO|WebAPI.Startup|In Development environment |url:             |action: 
2019-10-03 09:58:20.9134||INFO|WebAPI.Controllers.EmployeeDetailController|Message displayed: WebAPI.Models.EmployeeDetail, WebAPI.Models.EmployeeDetail, WebAPI.Models.EmployeeDetail, WebAPI.Models.EmployeeDetail, WebAPI.Models.EmployeeDetail |url:             http://localhost/api/EmployeeDetail|action: GetEmployeeDetails
2019-10-03 09:58:26.5234||INFO|WebAPI.Controllers.EmployeeDetailController|Message displayed: WebAPI.Models.EmployeeDetail, WebAPI.Models.EmployeeDetail, WebAPI.Models.EmployeeDetail, WebAPI.Models.EmployeeDetail, WebAPI.Models.EmployeeDetail, WebAPI.Models.EmployeeDetail |url:             http://localhost/api/EmployeeDetail|action: GetEmployeeDetails
2019-10-03 09:58:29.3210||INFO|WebAPI.Controllers.EmployeeDetailController|Message displayed: WebAPI.Models.EmployeeDetail, WebAPI.Models.EmployeeDetail, WebAPI.Models.EmployeeDetail, WebAPI.Models.EmployeeDetail, WebAPI.Models.EmployeeDetail, WebAPI.Models.EmployeeDetail |url:             http://localhost/api/EmployeeDetail|action: GetEmployeeDetails
2019-10-03 09:58:30.3393||INFO|WebAPI.Controllers.EmployeeDetailController|Message displayed: WebAPI.Models.EmployeeDetail, WebAPI.Models.EmployeeDetail, WebAPI.Models.EmployeeDetail, WebAPI.Models.EmployeeDetail, WebAPI.Models.EmployeeDetail |url:             http://localhost/api/EmployeeDetail|action: GetEmployeeDetails
2019-10-03 10:05:56.8699||DEBUG|WebAPI.Program|init main |url:             |action: 
2019-10-03 10:05:57.4008||INFO|WebAPI.Startup|Added TodoRepository to services |url:             |action: 
2019-10-03 10:05:57.5024||INFO|WebAPI.Startup|In Development environment |url:             |action: 
2019-10-03 10:06:04.0588||INFO|WebAPI.Controllers.EmployeeDetailController|Message displayed: WebAPI.Models.EmployeeDetail, WebAPI.Models.EmployeeDetail, WebAPI.Models.EmployeeDetail, WebAPI.Models.EmployeeDetail, WebAPI.Models.EmployeeDetail, WebAPI.Models.EmployeeDetail |url:             http://localhost/api/EmployeeDetail|action: GetEmployeeDetails
2019-10-03 10:06:07.8636||INFO|WebAPI.Controllers.EmployeeDetailController|Message displayed: WebAPI.Models.EmployeeDetail, WebAPI.Models.EmployeeDetail, WebAPI.Models.EmployeeDetail, WebAPI.Models.EmployeeDetail, WebAPI.Models.EmployeeDetail, WebAPI.Models.EmployeeDetail |url:             http://localhost/api/EmployeeDetail|action: GetEmployeeDetails
2019-10-03 10:06:08.7829||INFO|WebAPI.Controllers.EmployeeDetailController|Message displayed: WebAPI.Models.EmployeeDetail, WebAPI.Models.EmployeeDetail, WebAPI.Models.EmployeeDetail, WebAPI.Models.EmployeeDetail, WebAPI.Models.EmployeeDetail |url:             http://localhost/api/EmployeeDetail|action: GetEmployeeDetails
2019-10-03 10:06:14.2211||INFO|WebAPI.Controllers.EmployeeDetailController|Message displayed: WebAPI.Models.EmployeeDetail, WebAPI.Models.EmployeeDetail, WebAPI.Models.EmployeeDetail, WebAPI.Models.EmployeeDetail, WebAPI.Models.EmployeeDetail |url:             http://localhost/api/EmployeeDetail|action: GetEmployeeDetails
2019-10-03 10:10:12.9584||DEBUG|WebAPI.Program|init main |url:             |action: 
2019-10-03 10:10:13.5259||INFO|WebAPI.Startup|Added TodoRepository to services |url:             |action: 
2019-10-03 10:10:13.6170||INFO|WebAPI.Startup|In Development environment |url:             |action: 
2019-10-03 10:10:19.2878||INFO|WebAPI.Controllers.EmployeeDetailController|Message displayed: WebAPI.Models.EmployeeDetail, WebAPI.Models.EmployeeDetail, WebAPI.Models.EmployeeDetail, WebAPI.Models.EmployeeDetail, WebAPI.Models.EmployeeDetail, WebAPI.Models.EmployeeDetail |url:             http://localhost/api/EmployeeDetail|action: GetEmployeeDetails
2019-10-03 10:10:22.3954||INFO|WebAPI.Controllers.EmployeeDetailController|Message displayed: WebAPI.Models.EmployeeDetail, WebAPI.Models.EmployeeDetail, WebAPI.Models.EmployeeDetail, WebAPI.Models.EmployeeDetail, WebAPI.Models.EmployeeDetail, WebAPI.Models.EmployeeDetail |url:             http://localhost/api/EmployeeDetail|action: GetEmployeeDetails
2019-10-03 10:10:28.8644||INFO|WebAPI.Controllers.EmployeeDetailController|Message displayed: WebAPI.Models.EmployeeDetail, WebAPI.Models.EmployeeDetail, WebAPI.Models.EmployeeDetail, WebAPI.Models.EmployeeDetail, WebAPI.Models.EmployeeDetail, WebAPI.Models.EmployeeDetail |url:             http://localhost/api/EmployeeDetail|action: GetEmployeeDetails
2019-10-03 10:10:30.2405||INFO|WebAPI.Controllers.EmployeeDetailController|Message displayed: WebAPI.Models.EmployeeDetail, WebAPI.Models.EmployeeDetail, WebAPI.Models.EmployeeDetail, WebAPI.Models.EmployeeDetail, WebAPI.Models.EmployeeDetail |url:             http://localhost/api/EmployeeDetail|action: GetEmployeeDetails
