2019-10-09 09:57:22.6528||DEBUG|WebAPI.Program|init main |url:             |action: 
2019-10-09 09:57:29.3613||INFO|WebAPI.Startup|Added TodoRepository to services |url:             |action: 
2019-10-09 09:57:29.8864||INFO|WebAPI.Startup|In Development environment |url:             |action: 
2019-10-09 09:59:10.0481||INFO|WebAPI.Controllers.EmployeeDetailController|Message displayed: WebAPI.Models.EmployeeDetail, WebAPI.Models.EmployeeDetail, WebAPI.Models.EmployeeDetail, WebAPI.Models.EmployeeDetail, WebAPI.Models.EmployeeDetail |url:             http://localhost/api/EmployeeDetail|action: GetEmployeeDetails
2019-10-09 09:59:39.8117||INFO|WebAPI.Controllers.EmployeeDetailController|Message displayed: WebAPI.Models.EmployeeDetail, WebAPI.Models.EmployeeDetail, WebAPI.Models.EmployeeDetail, WebAPI.Models.EmployeeDetail, WebAPI.Models.EmployeeDetail |url:             http://localhost/api/EmployeeDetail|action: GetEmployeeDetails
2019-10-09 10:02:50.7669||INFO|WebAPI.Controllers.EmployeeDetailController|Message displayed: WebAPI.Models.EmployeeDetail, WebAPI.Models.EmployeeDetail, WebAPI.Models.EmployeeDetail, WebAPI.Models.EmployeeDetail, WebAPI.Models.EmployeeDetail |url:             http://localhost/api/EmployeeDetail|action: GetEmployeeDetails
2019-10-09 11:46:32.4886||DEBUG|WebAPI.Program|init main |url:             |action: 
2019-10-09 11:46:36.9924||INFO|WebAPI.Startup|Added TodoRepository to services |url:             |action: 
2019-10-09 11:46:37.3330||INFO|WebAPI.Startup|In Development environment |url:             |action: 
2019-10-09 11:48:52.9663||INFO|WebAPI.Controllers.EmployeeDetailController|Message displayed: WebAPI.Models.EmployeeDetail, WebAPI.Models.EmployeeDetail, WebAPI.Models.EmployeeDetail, WebAPI.Models.EmployeeDetail, WebAPI.Models.EmployeeDetail |url:             https://localhost/api/EmployeeDetail/|action: GetEmployeeDetails
2019-10-09 11:49:18.5059||INFO|WebAPI.Controllers.EmployeeDetailController|Message displayed: (null) |url:             https://localhost/api/EmployeeDetail/5|action: GetEmployeeDetail
2019-10-09 11:49:25.3817||INFO|WebAPI.Controllers.EmployeeDetailController|Message displayed: WebAPI.Models.EmployeeDetail, WebAPI.Models.EmployeeDetail, WebAPI.Models.EmployeeDetail, WebAPI.Models.EmployeeDetail, WebAPI.Models.EmployeeDetail |url:             https://localhost/api/EmployeeDetail/|action: GetEmployeeDetails
2019-10-09 11:53:55.8792||INFO|WebAPI.Controllers.EmployeeDetailController|Message displayed: WebAPI.Models.EmployeeDetail, WebAPI.Models.EmployeeDetail, WebAPI.Models.EmployeeDetail, WebAPI.Models.EmployeeDetail, WebAPI.Models.EmployeeDetail |url:             https://localhost/api/EmployeeDetail/|action: GetEmployeeDetails
2019-10-09 11:54:11.1664||INFO|WebAPI.Controllers.EmployeeDetailController|Message displayed: WebAPI.Models.EmployeeDetail, WebAPI.Models.EmployeeDetail, WebAPI.Models.EmployeeDetail, WebAPI.Models.EmployeeDetail, WebAPI.Models.EmployeeDetail |url:             https://localhost/api/EmployeeDetail/|action: GetEmployeeDetails
2019-10-09 12:11:03.3795||INFO|WebAPI.Controllers.EmployeeDetailController|Message displayed: WebAPI.Models.EmployeeDetail, WebAPI.Models.EmployeeDetail, WebAPI.Models.EmployeeDetail, WebAPI.Models.EmployeeDetail, WebAPI.Models.EmployeeDetail |url:             http://localhost/api/EmployeeDetail|action: GetEmployeeDetails
2019-10-09 12:11:37.0624||DEBUG|WebAPI.Program|init main |url:             |action: 
2019-10-09 12:11:38.7967||INFO|WebAPI.Startup|Added TodoRepository to services |url:             |action: 
2019-10-09 12:11:38.9629||INFO|WebAPI.Startup|In Development environment |url:             |action: 
2019-10-09 12:11:43.8342||INFO|WebAPI.Controllers.EmployeeDetailController|Message displayed: WebAPI.Models.EmployeeDetail, WebAPI.Models.EmployeeDetail, WebAPI.Models.EmployeeDetail, WebAPI.Models.EmployeeDetail, WebAPI.Models.EmployeeDetail |url:             http://localhost/api/EmployeeDetail|action: GetEmployeeDetails
2019-10-09 12:11:48.5581||INFO|WebAPI.Controllers.EmployeeDetailController|Message displayed: WebAPI.Models.EmployeeDetail, WebAPI.Models.EmployeeDetail, WebAPI.Models.EmployeeDetail, WebAPI.Models.EmployeeDetail, WebAPI.Models.EmployeeDetail |url:             http://localhost/api/EmployeeDetail|action: GetEmployeeDetails
2019-10-09 12:11:54.1139||INFO|WebAPI.Controllers.EmployeeDetailController|Message displayed: WebAPI.Models.EmployeeDetail, WebAPI.Models.EmployeeDetail, WebAPI.Models.EmployeeDetail, WebAPI.Models.EmployeeDetail, WebAPI.Models.EmployeeDetail |url:             http://localhost/api/EmployeeDetail|action: GetEmployeeDetails
2019-10-09 12:11:59.2163||INFO|WebAPI.Controllers.EmployeeDetailController|Message displayed: WebAPI.Models.EmployeeDetail, WebAPI.Models.EmployeeDetail, WebAPI.Models.EmployeeDetail, WebAPI.Models.EmployeeDetail, WebAPI.Models.EmployeeDetail |url:             http://localhost/api/EmployeeDetail|action: GetEmployeeDetails
2019-10-09 12:12:05.7269||INFO|WebAPI.Controllers.EmployeeDetailController|Message displayed: WebAPI.Models.EmployeeDetail, WebAPI.Models.EmployeeDetail, WebAPI.Models.EmployeeDetail, WebAPI.Models.EmployeeDetail, WebAPI.Models.EmployeeDetail, WebAPI.Models.EmployeeDetail |url:             http://localhost/api/EmployeeDetail|action: GetEmployeeDetails
2019-10-09 12:12:07.5060||INFO|WebAPI.Controllers.EmployeeDetailController|Message displayed: WebAPI.Models.EmployeeDetail, WebAPI.Models.EmployeeDetail, WebAPI.Models.EmployeeDetail, WebAPI.Models.EmployeeDetail, WebAPI.Models.EmployeeDetail |url:             http://localhost/api/EmployeeDetail|action: GetEmployeeDetails
2019-10-09 12:12:13.9336||INFO|WebAPI.Controllers.EmployeeDetailController|Message displayed: WebAPI.Models.EmployeeDetail, WebAPI.Models.EmployeeDetail, WebAPI.Models.EmployeeDetail, WebAPI.Models.EmployeeDetail, WebAPI.Models.EmployeeDetail |url:             http://localhost/api/EmployeeDetail|action: GetEmployeeDetails
2019-10-09 12:58:10.5211||DEBUG|WebAPI.Program|init main |url:             |action: 
2019-10-09 12:58:12.7972||INFO|WebAPI.Startup|Added TodoRepository to services |url:             |action: 
2019-10-09 12:58:13.0430||INFO|WebAPI.Startup|In Development environment |url:             |action: 
2019-10-09 12:58:52.9975||INFO|WebAPI.Controllers.EmployeeDetailController|Message displayed: WebAPI.Models.EmployeeDetail, WebAPI.Models.EmployeeDetail, WebAPI.Models.EmployeeDetail, WebAPI.Models.EmployeeDetail, WebAPI.Models.EmployeeDetail |url:             http://localhost/api/employeedetail|action: GetEmployeeDetails
2019-10-09 12:59:03.4883||INFO|WebAPI.Controllers.EmployeeDetailController|Message displayed: WebAPI.Models.EmployeeDetail, WebAPI.Models.EmployeeDetail, WebAPI.Models.EmployeeDetail, WebAPI.Models.EmployeeDetail, WebAPI.Models.EmployeeDetail |url:             http://localhost/api/employeedetail|action: GetEmployeeDetails
